0 info it worked if it ends with ok
1 verbose cli [ '/usr/local/bin/node',
1 verbose cli   '/usr/local/bin/npm',
1 verbose cli   'install',
1 verbose cli   '--save',
1 verbose cli   'randomstring' ]
2 info using npm@2.5.1
3 info using node@v0.12.0
4 silly cache add args [ 'randomstring', null ]
5 verbose cache add spec randomstring
6 silly cache add parsed spec { raw: 'randomstring',
6 silly cache add   scope: null,
6 silly cache add   name: 'randomstring',
6 silly cache add   rawSpec: '',
6 silly cache add   spec: '*',
6 silly cache add   type: 'range' }
7 verbose addNamed randomstring@*
8 silly addNamed semver.valid null
9 silly addNamed semver.validRange *
10 silly addNameRange { name: 'randomstring', range: '*', hasData: false }
11 silly mapToRegistry name randomstring
12 silly mapToRegistry using default registry
13 silly mapToRegistry registry https://registry.npmjs.org/
14 silly mapToRegistry uri https://registry.npmjs.org/randomstring
15 verbose addNameRange registry:https://registry.npmjs.org/randomstring not in flight; fetching
16 verbose request uri https://registry.npmjs.org/randomstring
17 verbose request no auth needed
18 info attempt registry request try #1 at 11:56:24 AM
19 verbose request id 086bbdaa53df6d4a
20 http request GET https://registry.npmjs.org/randomstring
21 info retry will retry, error on last attempt: Error: Hostname/IP doesn't match certificate's altnames: "Host: registry.npmjs.org. is not in the cert's altnames: DNS:controller.mobile.lan, DNS:mobileapp.ucopia.com"
22 info attempt registry request try #2 at 11:56:34 AM
23 http request GET https://registry.npmjs.org/randomstring
24 info retry will retry, error on last attempt: Error: Hostname/IP doesn't match certificate's altnames: "Host: registry.npmjs.org. is not in the cert's altnames: DNS:controller.mobile.lan, DNS:mobileapp.ucopia.com"
25 info attempt registry request try #3 at 11:57:44 AM
26 http request GET https://registry.npmjs.org/randomstring
27 verbose stack Error: Hostname/IP doesn't match certificate's altnames: "Host: registry.npmjs.org. is not in the cert's altnames: DNS:controller.mobile.lan, DNS:mobileapp.ucopia.com"
27 verbose stack     at Object.checkServerIdentity (tls.js:210:15)
27 verbose stack     at TLSSocket.<anonymous> (_tls_wrap.js:932:31)
27 verbose stack     at TLSSocket.emit (events.js:104:17)
27 verbose stack     at TLSSocket._finishInit (_tls_wrap.js:458:8)
28 verbose cwd /home/khalid/TicTacToe-Human
29 error Linux 3.16.0-30-generic
30 error argv "/usr/local/bin/node" "/usr/local/bin/npm" "install" "--save" "randomstring"
31 error node v0.12.0
32 error npm  v2.5.1
33 error Hostname/IP doesn't match certificate's altnames: "Host: registry.npmjs.org. is not in the cert's altnames: DNS:controller.mobile.lan, DNS:mobileapp.ucopia.com"
34 error If you need help, you may report this error at:
34 error     <http://github.com/npm/npm/issues>
35 verbose exit [ 1, true ]
